<?xml version="1.0" encoding="UTF-8"?>
<!-- Generated by org.testng.reporters.JUnitReportReporter -->
<testsuite hostname="Bharani" failures="0" tests="1" name="testng.Testcase2" time="9.062" errors="0" timestamp="2022-10-30T09:03:21 IST" skipped="0">
  <testcase classname="testng.Testcase2" name="tc2" time="9.062"/>
  <system-out>
    <![CDATA[actiTIME - Login
https://demo.actitime.com/login.do]]>
  </system-out>
</testsuite> <!-- testng.Testcase2 -->
