<?xml version="1.0" encoding="UTF-8"?>
<!-- Generated by org.testng.reporters.JUnitReportReporter -->
<testsuite hostname="Bharani" failures="0" tests="3" name="testng.Parallel" time="62.177" errors="0" timestamp="2022-10-29T17:22:13 IST" skipped="0">
  <testcase classname="testng.Parallel" name="tc1" time="16.829"/>
  <system-out>
    <![CDATA[actiTIME - Login
https://demo.actitime.com/login.do]]>
  </system-out>
  <testcase classname="testng.Parallel" name="tc1" time="16.308"/>
  <system-out>
    <![CDATA[actiTIME - Login
https://demo.actitime.com/login.do]]>
  </system-out>
  <testcase classname="testng.Parallel" name="tc1" time="29.040"/>
  <system-out>
    <![CDATA[actiTIME - Login
https://demo.actitime.com/login.do]]>
  </system-out>
</testsuite> <!-- testng.Parallel -->
