<?xml version="1.0" encoding="UTF-8"?>
<!-- Generated by org.testng.reporters.JUnitReportReporter -->
<testsuite hostname="Bharani" failures="0" tests="1" name="testng.Testcase1" time="8.118" errors="0" timestamp="2022-10-30T09:12:29 IST" skipped="0">
  <testcase classname="testng.Testcase1" name="tc1" time="8.118"/>
  <system-out>
    <![CDATA[actiTIME - Login
https://demo.actitime.com/login.do]]>
  </system-out>
</testsuite> <!-- testng.Testcase1 -->
